TN:
SF:src/app.ts
FN:9,(anonymous_7)
FN:13,App
FN:22,(anonymous_9)
FN:28,(anonymous_10)
FN:33,(anonymous_11)
FN:38,(anonymous_12)
FN:46,(anonymous_13)
FN:51,(anonymous_14)
FN:52,(anonymous_15)
FNF:9
FNH:0
FNDA:0,(anonymous_7)
FNDA:0,App
FNDA:0,(anonymous_9)
FNDA:0,(anonymous_10)
FNDA:0,(anonymous_11)
FNDA:0,(anonymous_12)
FNDA:0,(anonymous_13)
FNDA:0,(anonymous_14)
FNDA:0,(anonymous_15)
DA:1,0
DA:2,0
DA:3,0
DA:4,0
DA:5,0
DA:6,0
DA:7,0
DA:9,0
DA:14,0
DA:16,0
DA:17,0
DA:18,0
DA:19,0
DA:22,0
DA:23,0
DA:24,0
DA:29,0
DA:33,0
DA:34,0
DA:35,0
DA:38,0
DA:39,0
DA:46,0
DA:47,0
DA:48,0
DA:51,0
DA:52,0
DA:53,0
DA:56,0
DA:58,0
LF:30
LH:0
BRF:0
BRH:0
end_of_record
TN:
SF:src/server.ts
FNF:0
FNH:0
DA:1,0
DA:2,0
DA:3,0
DA:4,0
DA:6,0
DA:8,0
DA:13,0
LF:7
LH:0
BRF:0
BRH:0
end_of_record
TN:
SF:src/controllers/authentication.controller.ts
FN:11,(anonymous_22)
FN:16,AuthenticationController
FN:26,(anonymous_24)
FN:26,(anonymous_25)
FN:50,(anonymous_27)
FN:50,(anonymous_28)
FN:68,(anonymous_30)
FN:20,(anonymous_31)
FN:73,(anonymous_32)
FN:77,(anonymous_33)
FNF:10
FNH:0
FNDA:0,(anonymous_22)
FNDA:0,AuthenticationController
FNDA:0,(anonymous_24)
FNDA:0,(anonymous_25)
FNDA:0,(anonymous_27)
FNDA:0,(anonymous_28)
FNDA:0,(anonymous_30)
FNDA:0,(anonymous_31)
FNDA:0,(anonymous_32)
FNDA:0,(anonymous_33)
DA:1,0
DA:2,0
DA:3,0
DA:4,0
DA:5,0
DA:8,0
DA:11,0
DA:12,0
DA:14,0
DA:16,0
DA:17,0
DA:20,0
DA:21,0
DA:22,0
DA:23,0
DA:26,0
DA:27,0
DA:28,0
DA:29,0
DA:30,0
DA:33,0
DA:35,0
DA:37,0
DA:38,0
DA:42,0
DA:43,0
DA:44,0
DA:45,0
DA:46,0
DA:50,0
DA:51,0
DA:52,0
DA:53,0
DA:54,0
DA:55,0
DA:56,0
DA:57,0
DA:58,0
DA:59,0
DA:61,0
DA:64,0
DA:68,0
DA:69,0
DA:70,0
DA:73,0
DA:74,0
DA:77,0
DA:78,0
DA:79,0
DA:80,0
DA:83,0
DA:88,0
DA:90,0
LF:53
LH:0
BRDA:37,0,0,0
BRDA:29,1,0,0
BRDA:29,1,1,0
BRDA:29,2,0,0
BRDA:29,2,1,0
BRDA:29,2,2,0
BRDA:29,2,3,0
BRDA:33,3,0,0
BRDA:33,3,1,0
BRDA:53,4,0,0
BRDA:53,4,1,0
BRDA:55,5,0,0
BRDA:55,5,1,0
BRF:13
BRH:0
end_of_record
TN:
SF:src/controllers/feeds.controller.ts
FN:14,(anonymous_11)
FN:19,(anonymous_13)
FN:20,(anonymous_14)
FN:26,(anonymous_15)
FN:27,(anonymous_16)
FN:37,(anonymous_17)
FN:39,(anonymous_18)
FN:43,(anonymous_19)
FN:49,(anonymous_20)
FN:57,(anonymous_21)
FN:58,(anonymous_22)
FN:68,(anonymous_23)
FN:69,(anonymous_24)
FNF:13
FNH:2
FNDA:2,(anonymous_11)
FNDA:0,(anonymous_13)
FNDA:0,(anonymous_14)
FNDA:0,(anonymous_15)
FNDA:0,(anonymous_16)
FNDA:1,(anonymous_17)
FNDA:0,(anonymous_18)
FNDA:0,(anonymous_19)
FNDA:0,(anonymous_20)
FNDA:0,(anonymous_21)
FNDA:0,(anonymous_22)
FNDA:0,(anonymous_23)
FNDA:0,(anonymous_24)
DA:1,1
DA:2,1
DA:3,1
DA:4,1
DA:5,1
DA:6,1
DA:7,1
DA:8,1
DA:9,1
DA:14,1
DA:15,1
DA:16,1
DA:19,1
DA:20,0
DA:21,0
DA:26,1
DA:27,0
DA:28,0
DA:29,0
DA:31,0
DA:37,1
DA:38,1
DA:39,1
DA:40,0
DA:41,0
DA:42,0
DA:43,0
DA:44,0
DA:45,0
DA:49,0
DA:50,0
DA:57,1
DA:58,0
DA:59,0
DA:60,0
DA:62,0
DA:68,1
DA:69,0
DA:70,0
DA:71,0
DA:73,0
DA:77,1
LF:42
LH:20
BRDA:28,0,0,0
BRDA:28,0,1,0
BRDA:47,1,0,0
BRDA:47,1,1,0
BRDA:59,2,0,0
BRDA:59,2,1,0
BRDA:70,3,0,0
BRDA:70,3,1,0
BRF:8
BRH:0
end_of_record
TN:
SF:src/middleware/AuthenticationTokenMissingException.ts
FN:3,(anonymous_7)
FN:4,AuthenticationTokenMissingException
FNF:2
FNH:0
FNDA:0,(anonymous_7)
FNDA:0,AuthenticationTokenMissingException
DA:1,0
DA:3,0
DA:5,0
DA:7,0
DA:9,0
LF:5
LH:0
BRDA:5,0,0,0
BRDA:5,0,1,0
BRF:2
BRH:0
end_of_record
TN:
SF:src/middleware/HttpException.ts
FN:1,(anonymous_6)
FN:6,HttpException
FNF:2
FNH:1
FNDA:1,(anonymous_6)
FNDA:0,HttpException
DA:1,1
DA:7,0
DA:8,0
DA:9,0
DA:11,1
DA:13,1
LF:6
LH:3
BRDA:7,0,0,0
BRDA:7,0,1,0
BRF:2
BRH:0
end_of_record
TN:
SF:src/middleware/UserWithThatEmailAlreadyExistsException.ts
FN:3,(anonymous_7)
FN:4,UserWithThatEmailAlreadyExistsException
FNF:2
FNH:0
FNDA:0,(anonymous_7)
FNDA:0,UserWithThatEmailAlreadyExistsException
DA:1,0
DA:3,0
DA:5,0
DA:7,0
DA:9,0
LF:5
LH:0
BRDA:5,0,0,0
BRDA:5,0,1,0
BRF:2
BRH:0
end_of_record
TN:
SF:src/middleware/WrongAuthenticationTokenException.ts
FN:3,(anonymous_7)
FN:4,WrongAuthenticationTokenException
FNF:2
FNH:0
FNDA:0,(anonymous_7)
FNDA:0,WrongAuthenticationTokenException
DA:1,0
DA:3,0
DA:5,0
DA:7,0
DA:9,0
LF:5
LH:0
BRDA:5,0,0,0
BRDA:5,0,1,0
BRF:2
BRH:0
end_of_record
TN:
SF:src/middleware/WrongCredentialsException.ts
FN:3,(anonymous_7)
FN:4,WrongCredentialsException
FNF:2
FNH:0
FNDA:0,(anonymous_7)
FNDA:0,WrongCredentialsException
DA:1,0
DA:3,0
DA:5,0
DA:7,0
DA:9,0
LF:5
LH:0
BRDA:5,0,0,0
BRDA:5,0,1,0
BRF:2
BRH:0
end_of_record
TN:
SF:src/middleware/auth.middleware.ts
FN:9,authMiddleware
FNF:1
FNH:0
FNDA:0,authMiddleware
DA:1,0
DA:5,0
DA:6,0
DA:7,0
DA:10,0
DA:11,0
DA:12,0
DA:14,0
DA:15,0
DA:16,0
DA:17,0
DA:18,0
DA:19,0
DA:21,0
DA:24,0
DA:27,0
DA:31,0
LF:17
LH:0
BRDA:11,0,0,0
BRDA:11,0,1,0
BRDA:11,1,0,0
BRDA:11,1,1,0
BRDA:17,2,0,0
BRDA:17,2,1,0
BRF:6
BRH:0
end_of_record
TN:
SF:src/middleware/error.middleware.ts
FN:4,(anonymous_1)
FN:5,(anonymous_3)
FNF:2
FNH:0
FNDA:0,(anonymous_1)
FNDA:0,(anonymous_3)
DA:1,0
DA:4,0
DA:5,0
DA:6,0
DA:7,0
DA:11,0
DA:12,0
DA:14,0
LF:8
LH:0
BRDA:8,0,0,0
BRDA:8,0,1,0
BRDA:9,1,0,0
BRDA:9,1,1,0
BRF:4
BRH:0
end_of_record
TN:
SF:src/middleware/middleware.ts
FN:1,loggingBefore
FN:6,loggingAfter
FNF:2
FNH:0
FNDA:0,loggingBefore
FNDA:0,loggingAfter
DA:1,1
DA:2,0
DA:3,0
DA:6,1
DA:7,0
DA:8,0
LF:6
LH:2
BRF:0
BRH:0
end_of_record
TN:
SF:src/models/feed.model.ts
FNF:0
FNH:0
DA:1,1
DA:4,1
DA:13,1
DA:14,1
LF:4
LH:4
BRF:0
BRH:0
end_of_record
TN:
SF:src/models/feed.ts
FN:12,(anonymous_2)
FNF:1
FNH:1
FNDA:1,(anonymous_2)
DA:1,1
DA:12,1
DA:15,1
DA:16,1
LF:4
LH:4
BRF:0
BRH:0
end_of_record
TN:
SF:src/models/user.model.ts
FNF:0
FNH:0
DA:1,0
DA:4,0
DA:10,0
DA:11,0
LF:4
LH:0
BRF:0
BRH:0
end_of_record
TN:
SF:src/utils/validateEnv.ts
FN:4,validateEnv
FNF:1
FNH:0
FNDA:0,validateEnv
DA:2,0
DA:5,0
DA:11,0
LF:3
LH:0
BRF:0
BRH:0
end_of_record
